Z:\develop\blog\gameprog\gamedemo\trunk\trunk\\libs\debug\libvorbis_static.lib
Z:\DEVELOP\BLOG\GAMEPROG\GAMEDEMO\TRUNK\TRUNK\JNI\LIBVORBIS-1.3.3\WIN32\VS2010\LIBVORBIS\WIN32\JNI\OBJ\LIBOGGDEBUG\ANALYSIS.OBJ
Z:\DEVELOP\BLOG\GAMEPROG\GAMEDEMO\TRUNK\TRUNK\JNI\LIBVORBIS-1.3.3\WIN32\VS2010\LIBVORBIS\WIN32\JNI\OBJ\LIBOGGDEBUG\BITRATE.OBJ
Z:\DEVELOP\BLOG\GAMEPROG\GAMEDEMO\TRUNK\TRUNK\JNI\LIBVORBIS-1.3.3\WIN32\VS2010\LIBVORBIS\WIN32\JNI\OBJ\LIBOGGDEBUG\BLOCK.OBJ
Z:\develop\blog\gameprog\gamedemo\trunk\trunk\jni\libvorbis-1.3.3\win32\VS2010\libvorbis\Win32\jni\obj\liboggdebug\cl.command.1.tlog
Z:\develop\blog\gameprog\gamedemo\trunk\trunk\jni\libvorbis-1.3.3\win32\VS2010\libvorbis\Win32\jni\obj\liboggdebug\CL.read.1.tlog
Z:\develop\blog\gameprog\gamedemo\trunk\trunk\jni\libvorbis-1.3.3\win32\VS2010\libvorbis\Win32\jni\obj\liboggdebug\CL.write.1.tlog
Z:\DEVELOP\BLOG\GAMEPROG\GAMEDEMO\TRUNK\TRUNK\JNI\LIBVORBIS-1.3.3\WIN32\VS2010\LIBVORBIS\WIN32\JNI\OBJ\LIBOGGDEBUG\CODEBOOK.OBJ
Z:\DEVELOP\BLOG\GAMEPROG\GAMEDEMO\TRUNK\TRUNK\JNI\LIBVORBIS-1.3.3\WIN32\VS2010\LIBVORBIS\WIN32\JNI\OBJ\LIBOGGDEBUG\ENVELOPE.OBJ
Z:\DEVELOP\BLOG\GAMEPROG\GAMEDEMO\TRUNK\TRUNK\JNI\LIBVORBIS-1.3.3\WIN32\VS2010\LIBVORBIS\WIN32\JNI\OBJ\LIBOGGDEBUG\FLOOR0.OBJ
Z:\DEVELOP\BLOG\GAMEPROG\GAMEDEMO\TRUNK\TRUNK\JNI\LIBVORBIS-1.3.3\WIN32\VS2010\LIBVORBIS\WIN32\JNI\OBJ\LIBOGGDEBUG\FLOOR1.OBJ
Z:\DEVELOP\BLOG\GAMEPROG\GAMEDEMO\TRUNK\TRUNK\JNI\LIBVORBIS-1.3.3\WIN32\VS2010\LIBVORBIS\WIN32\JNI\OBJ\LIBOGGDEBUG\INFO.OBJ
Z:\develop\blog\gameprog\gamedemo\trunk\trunk\jni\libvorbis-1.3.3\win32\VS2010\libvorbis\Win32\jni\obj\liboggdebug\lib.command.1.tlog
Z:\develop\blog\gameprog\gamedemo\trunk\trunk\jni\libvorbis-1.3.3\win32\VS2010\libvorbis\Win32\jni\obj\liboggdebug\Lib-link.read.1.tlog
Z:\develop\blog\gameprog\gamedemo\trunk\trunk\jni\libvorbis-1.3.3\win32\VS2010\libvorbis\Win32\jni\obj\liboggdebug\Lib-link.write.1.tlog
Z:\DEVELOP\BLOG\GAMEPROG\GAMEDEMO\TRUNK\TRUNK\JNI\LIBVORBIS-1.3.3\WIN32\VS2010\LIBVORBIS\WIN32\JNI\OBJ\LIBOGGDEBUG\LOOKUP.OBJ
Z:\DEVELOP\BLOG\GAMEPROG\GAMEDEMO\TRUNK\TRUNK\JNI\LIBVORBIS-1.3.3\WIN32\VS2010\LIBVORBIS\WIN32\JNI\OBJ\LIBOGGDEBUG\LPC.OBJ
Z:\DEVELOP\BLOG\GAMEPROG\GAMEDEMO\TRUNK\TRUNK\JNI\LIBVORBIS-1.3.3\WIN32\VS2010\LIBVORBIS\WIN32\JNI\OBJ\LIBOGGDEBUG\LSP.OBJ
Z:\DEVELOP\BLOG\GAMEPROG\GAMEDEMO\TRUNK\TRUNK\JNI\LIBVORBIS-1.3.3\WIN32\VS2010\LIBVORBIS\WIN32\JNI\OBJ\LIBOGGDEBUG\MAPPING0.OBJ
Z:\DEVELOP\BLOG\GAMEPROG\GAMEDEMO\TRUNK\TRUNK\JNI\LIBVORBIS-1.3.3\WIN32\VS2010\LIBVORBIS\WIN32\JNI\OBJ\LIBOGGDEBUG\MDCT.OBJ
Z:\DEVELOP\BLOG\GAMEPROG\GAMEDEMO\TRUNK\TRUNK\JNI\LIBVORBIS-1.3.3\WIN32\VS2010\LIBVORBIS\WIN32\JNI\OBJ\LIBOGGDEBUG\PSY.OBJ
Z:\DEVELOP\BLOG\GAMEPROG\GAMEDEMO\TRUNK\TRUNK\JNI\LIBVORBIS-1.3.3\WIN32\VS2010\LIBVORBIS\WIN32\JNI\OBJ\LIBOGGDEBUG\REGISTRY.OBJ
Z:\DEVELOP\BLOG\GAMEPROG\GAMEDEMO\TRUNK\TRUNK\JNI\LIBVORBIS-1.3.3\WIN32\VS2010\LIBVORBIS\WIN32\JNI\OBJ\LIBOGGDEBUG\RES0.OBJ
Z:\DEVELOP\BLOG\GAMEPROG\GAMEDEMO\TRUNK\TRUNK\JNI\LIBVORBIS-1.3.3\WIN32\VS2010\LIBVORBIS\WIN32\JNI\OBJ\LIBOGGDEBUG\SHAREDBOOK.OBJ
Z:\DEVELOP\BLOG\GAMEPROG\GAMEDEMO\TRUNK\TRUNK\JNI\LIBVORBIS-1.3.3\WIN32\VS2010\LIBVORBIS\WIN32\JNI\OBJ\LIBOGGDEBUG\SMALLFT.OBJ
Z:\DEVELOP\BLOG\GAMEPROG\GAMEDEMO\TRUNK\TRUNK\JNI\LIBVORBIS-1.3.3\WIN32\VS2010\LIBVORBIS\WIN32\JNI\OBJ\LIBOGGDEBUG\SYNTHESIS.OBJ
Z:\develop\blog\gameprog\gamedemo\trunk\trunk\jni\libvorbis-1.3.3\win32\VS2010\libvorbis\Win32\jni\obj\liboggdebug\vc100.idb
Z:\DEVELOP\BLOG\GAMEPROG\GAMEDEMO\TRUNK\TRUNK\JNI\LIBVORBIS-1.3.3\WIN32\VS2010\LIBVORBIS\WIN32\JNI\OBJ\LIBOGGDEBUG\VC100.PDB
Z:\DEVELOP\BLOG\GAMEPROG\GAMEDEMO\TRUNK\TRUNK\JNI\LIBVORBIS-1.3.3\WIN32\VS2010\LIBVORBIS\WIN32\JNI\OBJ\LIBOGGDEBUG\VORBISENC.OBJ
Z:\DEVELOP\BLOG\GAMEPROG\GAMEDEMO\TRUNK\TRUNK\JNI\LIBVORBIS-1.3.3\WIN32\VS2010\LIBVORBIS\WIN32\JNI\OBJ\LIBOGGDEBUG\WINDOW.OBJ
Z:\DEVELOP\BLOG\GAMEPROG\GAMEDEMO\TRUNK\TRUNK\LIBS\DEBUG\LIBVORBIS_STATIC.LIB
